#----------------------------------------------------------------------------
#	Stable version	:	not exist
#----------------------------------------------------------------------------
#
#
#
#----------------------------------------------------------------------------
#	Name		:	businessSupport
#	Version		:	0.0.1-0.build-x86_64
#	Author		:	yanXueFeng
#	Language	:	python 2.7
#	Start time	:	
#	End time	:
#	Function	:	
#	Operation	:	
#----------------------------------------------------------------------------
#
#----------------------------------------------------------------------------
#	Name		:	businessSupport
#	Version		:	1.1.0-0.build-x86_64
#	Author		:	yanXueFeng
#	Language	:	python 2.7
#	Start time	:	
#	End time	:
#	Function	:	
#	Operation	:	
#----------------------------------------------------------------------------
